blackbox version 43
command line:  blackbox -o hw5_domain.pddl -f p7.pddl

Begin solver specification
    -maxint        0   -maxsec 0.000000  chaff
End solver specification
Loading domain file: hw5_domain.pddl
Loading fact file: p7.pddl
Problem name: p7
Facts loaded.
time: 1, 38 facts and 28 exclusive pairs.
time: 2, 50 facts and 182 exclusive pairs.
time: 3, 54 facts and 220 exclusive pairs.
time: 4, 62 facts and 326 exclusive pairs.
Goals reachable at 4 steps but mutually exclusive.
time: 5, 62 facts and 238 exclusive pairs.
Goals reachable at 5 steps but mutually exclusive.
time: 6, 62 facts and 174 exclusive pairs.
Goals reachable at 6 steps but mutually exclusive.
time: 7, 62 facts and 118 exclusive pairs.
Goals reachable at 7 steps but mutually exclusive.
time: 8, 62 facts and 114 exclusive pairs.
Goals first reachable in 8 steps.
1240 nodes created.

####################################################
goals at time 9:
  arm-empty color_b1_red color_b2_green 


----------------------------------------------------
** Turning off completeness check **
Converting graph to wff
number of action variables = 448
number of fluent variables = 247
total number variables = 695
number clauses = 9137
Instance unsatisfiable
Result is Unsat
Iteration was 0

----------------------------------------------------
time: 9, 62 facts and 114 exclusive pairs.
176 new nodes added.

####################################################
goals at time 10:
  arm-empty color_b1_red color_b2_green 


----------------------------------------------------
Converting graph to wff
number of action variables = 527
number of fluent variables = 286
total number variables = 813
number clauses = 10821
Result is Sat
Iteration was 0
Performing plan justification:
   0 actions were pruned in 0.00 seconds

----------------------------------------------------
Begin plan
1 (remove-can-lid c1 red)
1 (remove-can-lid c2 green)
2 (pick-up b2)
3 (load-brush b2 c1 red)
4 (paint b1 red b2)
5 (put-down b2)
6 (pick-up b1)
7 (load-brush b1 c2 green)
8 (paint b2 green b1)
9 (put-down b1)
End plan
----------------------------------------------------

10 total actions in plan
0 entries in hash table, 
8 total set-creation steps (entries + hits + plan length - 1)
0 actions tried

####################################################
Total elapsed time:   0.04 seconds
Time in milliseconds: 39

####################################################
