((unstack wb1 can2)
 (put-down wb1)
 (unstack can2 can1)
 (put-down can2)
 (remove-can-lid can2 green)
 (remove-can-lid can1 red)
 (unstack c b)
 (put-down c)
 (unstack b a)
 (put-down b)
 (unstack can1 brush1)
 (put-down can1)
 (pick-up brush1)
 (load-brush brush1 can1 red)
 (paint c red brush1)
 (paint a red brush1)
 (wash-brush brush1 wb1 red)
 (load-brush brush1 can2 green)
 (stack brush1 b)
 (replace-can-lid can1 red)
 (replace-can-lid can2 green)
 (unstack brush1 b)
 (paint b green brush1)
 (wash-brush brush1 wb1 green)
 (stack brush1 can1)
 (pick-up b)
 (stack b c)
 (pick-up a)
 (stack a b))
